
==================================================
ALTS LOG GENERATION PROCESS
==================================================

Starting new log generation process...

[SETUP] Configuring environment and API credentials...
  [OK] Environment configured (Period: 01/01/2022 to 2025-11-11)


[STEP 1/7] Loading cached transaction data...
  [OK] Loaded 300061 cached transactions
[STEP 1/7] Fetching new transactions from Addepar (from 2025-11-06 to 2025-11-11)...
  [OK] Fetched 2385 new transactions
[STEP 1/7] Combining cached and new transactions...
  [OK] Combined total: 300061 transactions
[STEP 1/7] Saving updated cache...
  [OK] Cache saved
[STEP 1/7] Processing transaction data...
  [OK] Transaction processing complete - 74972 positions

[STEP 2/7] Fetching alts list data from Addepar...
  [OK] Fetched 2386 alts list records
  [OK] Alts list processing complete

[STEP 3/7] Loading and processing Alts Info Excel file...
  [OK] Loaded 4 historical records
  [OK] Added 4 historical records to alternatives_df
  - Original rows: 425
  - After removing empty rows: 425
  [OK] Processed 425 investment records
  [OK] Found 417 subscription dates

[STEP 4/7] Merging alts list with investment status...
  [OK] Merged 425 records

[STEP 5/7] Merging data sources and calculating metrics...
  [OK] Loaded 34 CA,TI records
  [OK] Merge complete - 425 total records

[STEP 6/7] Formatting data for Excel output...
[STEP 6/7] Calculating open reasons for positions...
[STEP 6/7] Splitting into Open and Closed sheets...
  [OK] Open positions: 294
  [OK] Closed positions: 127

[STEP 7/7] Saving Excel file...
  - Writing Open sheet (294 rows)...
  - Writing Closed sheet (127 rows)...
  - Formatting Open sheet...
  - Formatting Closed sheet...
  [OK] File saved: Alts Log 11-11-2025.xlsx

==================================================
[SUCCESS] Process completed successfully!
==================================================
